2012-03-12 08:02:58,853 [main] proyectomorphing.Morphing.<init>(Morphing.java:25) - Crea una nueva imagen que es la imagen actual
 2012-03-12 08:03:04,084 [Thread-2] proyectomorphing.Morphing.setImageActual(Morphing.java:31) - Modificamos la Imagen atravez de este metodo
 2012-03-12 08:03:04,510 [Thread-2] proyectomorphing.PanelMain.update(PanelMain.java:78) - Hola
 2012-03-12 08:03:04,518 [Thread-2] proyectomorphing.Morphing.setImageActual(Morphing.java:31) - Modificamos la Imagen atravez de este metodo
 2012-03-12 08:03:04,725 [Thread-2] proyectomorphing.PanelMain.update(PanelMain.java:78) - Hola
 2012-03-12 08:03:04,727 [Thread-2] proyectomorphing.Morphing.setImageActual(Morphing.java:31) - Modificamos la Imagen atravez de este metodo
 2012-03-12 08:03:04,896 [Thread-2] proyectomorphing.PanelMain.update(PanelMain.java:78) - Hola
 2012-03-12 08:03:04,897 [Thread-2] proyectomorphing.Morphing.setImageActual(Morphing.java:31) - Modificamos la Imagen atravez de este metodo
 2012-03-12 08:03:05,061 [Thread-2] proyectomorphing.PanelMain.update(PanelMain.java:78) - Hola
 2012-03-12 08:03:05,061 [Thread-2] proyectomorphing.Morphing.setImageActual(Morphing.java:31) - Modificamos la Imagen atravez de este metodo
 2012-03-12 08:03:05,242 [Thread-2] proyectomorphing.PanelMain.update(PanelMain.java:78) - Hola
 2012-03-12 08:04:56,723 [main] proyectomorphing.Morphing.<init>(Morphing.java:25) - Crea una nueva imagen que es la imagen actual
 2012-03-12 08:05:03,010 [Thread-2] proyectomorphing.Morphing.setImageActual(Morphing.java:31) - Modificamos la Imagen atravez de este metodo
 2012-03-12 08:05:03,404 [Thread-2] proyectomorphing.PanelMain.update(PanelMain.java:78) - Marca los cambiosque hace el metodo observado
 2012-03-12 08:05:03,409 [Thread-2] proyectomorphing.Morphing.setImageActual(Morphing.java:31) - Modificamos la Imagen atravez de este metodo
 2012-03-12 08:05:03,615 [Thread-2] proyectomorphing.PanelMain.update(PanelMain.java:78) - Marca los cambiosque hace el metodo observado
 2012-03-12 08:05:03,617 [Thread-2] proyectomorphing.Morphing.setImageActual(Morphing.java:31) - Modificamos la Imagen atravez de este metodo
 2012-03-12 08:05:03,798 [Thread-2] proyectomorphing.PanelMain.update(PanelMain.java:78) - Marca los cambiosque hace el metodo observado
 2012-03-12 08:05:03,799 [Thread-2] proyectomorphing.Morphing.setImageActual(Morphing.java:31) - Modificamos la Imagen atravez de este metodo
 2012-03-12 08:05:03,970 [Thread-2] proyectomorphing.PanelMain.update(PanelMain.java:78) - Marca los cambiosque hace el metodo observado
 2012-03-12 08:05:03,973 [Thread-2] proyectomorphing.Morphing.setImageActual(Morphing.java:31) - Modificamos la Imagen atravez de este metodo
 2012-03-12 08:05:04,144 [Thread-2] proyectomorphing.PanelMain.update(PanelMain.java:78) - Marca los cambiosque hace el metodo observado
 2012-03-12 08:05:22,625 [Thread-9] proyectomorphing.Morphing.setImageActual(Morphing.java:31) - Modificamos la Imagen atravez de este metodo
 2012-03-12 08:05:22,809 [Thread-9] proyectomorphing.PanelMain.update(PanelMain.java:78) - Marca los cambiosque hace el metodo observado
 2012-03-12 08:05:22,811 [Thread-9] proyectomorphing.Morphing.setImageActual(Morphing.java:31) - Modificamos la Imagen atravez de este metodo
 2012-03-12 08:05:22,981 [Thread-9] proyectomorphing.PanelMain.update(PanelMain.java:78) - Marca los cambiosque hace el metodo observado
 2012-03-12 08:05:22,982 [Thread-9] proyectomorphing.Morphing.setImageActual(Morphing.java:31) - Modificamos la Imagen atravez de este metodo
 2012-03-12 08:05:23,160 [Thread-9] proyectomorphing.PanelMain.update(PanelMain.java:78) - Marca los cambiosque hace el metodo observado
 2012-03-12 08:05:23,161 [Thread-9] proyectomorphing.Morphing.setImageActual(Morphing.java:31) - Modificamos la Imagen atravez de este metodo
 2012-03-12 08:05:23,351 [Thread-9] proyectomorphing.PanelMain.update(PanelMain.java:78) - Marca los cambiosque hace el metodo observado
 2012-03-12 08:05:23,357 [Thread-9] proyectomorphing.Morphing.setImageActual(Morphing.java:31) - Modificamos la Imagen atravez de este metodo
 2012-03-12 08:05:23,647 [Thread-9] proyectomorphing.PanelMain.update(PanelMain.java:78) - Marca los cambiosque hace el metodo observado
 